2024-05-05 20:00:22	Autoreload is disabled because the development mode is off.
2024-05-05 20:00:22	Application started in 0.534 seconds.
2024-05-05 20:00:22	Responding at http://127.0.0.1:1234
2024-05-05 20:00:23	----------------- NEW EXECUTION-------------------
2024-05-05 20:00:23	ActionGesture	CloseEyes
2024-05-05 20:00:34	GUIEvent	GUI STARTED
2024-05-05 20:02:17	Autoreload is disabled because the development mode is off.
2024-05-05 20:02:18	Application started in 0.545 seconds.
2024-05-05 20:02:18	Responding at http://127.0.0.1:1234
2024-05-05 20:02:18	----------------- NEW EXECUTION-------------------
2024-05-05 20:02:18	ActionGesture	CloseEyes
2024-05-05 20:02:30	GUIEvent	GUI STARTED
2024-05-05 20:02:30	GUIEvent	Testing initial loading [ACCEPTED]
2024-05-05 20:06:56	Autoreload is disabled because the development mode is off.
2024-05-05 20:06:56	Application started in 0.511 seconds.
2024-05-05 20:06:57	Responding at http://127.0.0.1:1234
2024-05-05 20:06:57	----------------- NEW EXECUTION-------------------
2024-05-05 20:06:57	ActionGesture	CloseEyes
2024-05-05 20:07:05	GUIEvent	GUI STARTED
2024-05-05 20:07:05	GUIEvent	Testing initial loading [ACCEPTED]
2024-05-05 20:08:41	Autoreload is disabled because the development mode is off.
2024-05-05 20:08:41	Application started in 0.517 seconds.
2024-05-05 20:08:42	Responding at http://127.0.0.1:1234
2024-05-05 20:08:42	----------------- NEW EXECUTION-------------------
2024-05-05 20:08:42	ActionGesture	CloseEyes
2024-05-05 20:08:45	GUIEvent	GUI STARTED
2024-05-05 20:08:45	GUIEvent	Testing initial loading [ACCEPTED]
2024-05-05 20:19:00	Autoreload is disabled because the development mode is off.
2024-05-05 20:19:00	Application started in 0.53 seconds.
2024-05-05 20:19:00	Responding at http://127.0.0.1:1234
2024-05-05 20:19:01	----------------- NEW EXECUTION-------------------
2024-05-05 20:19:01	ActionGesture	CloseEyes
2024-05-05 20:19:04	GUIEvent	GUI STARTED
2024-05-05 20:19:04	GUIEvent	Testing initial loading [ACCEPTED]
2024-05-05 20:20:39	Autoreload is disabled because the development mode is off.
2024-05-05 20:20:39	Application started in 0.544 seconds.
2024-05-05 20:20:40	Responding at http://127.0.0.1:1234
2024-05-05 20:20:40	----------------- NEW EXECUTION-------------------
2024-05-05 20:20:40	ActionGesture	CloseEyes
2024-05-05 20:20:42	GUIEvent	GUI STARTED
2024-05-05 20:20:43	GUIEvent	Testing initial loading [ACCEPTED]
2024-05-05 20:22:03	Autoreload is disabled because the development mode is off.
2024-05-05 20:22:03	Application started in 0.542 seconds.
2024-05-05 20:22:03	Responding at http://127.0.0.1:1234
2024-05-05 20:22:04	----------------- NEW EXECUTION-------------------
2024-05-05 20:22:04	ActionGesture	CloseEyes
2024-05-05 20:22:08	GUIEvent	GUI STARTED
2024-05-05 20:22:08	GUIEvent	Testing initial loading [ACCEPTED]
2024-05-05 20:23:29	Autoreload is disabled because the development mode is off.
2024-05-05 20:23:30	Application started in 0.526 seconds.
2024-05-05 20:23:30	Responding at http://127.0.0.1:1234
2024-05-05 20:23:30	----------------- NEW EXECUTION-------------------
2024-05-05 20:23:30	ActionGesture	CloseEyes
2024-05-05 20:23:33	GUIEvent	GUI STARTED
2024-05-05 20:23:34	GUIEvent	Testing initial loading [ACCEPTED]
