2024-05-12 23:00:31	Autoreload is disabled because the development mode is off.
2024-05-12 23:00:32	Application started in 0.954 seconds.
2024-05-12 23:00:32	Responding at http://127.0.0.1:8888
2024-05-12 23:00:33	----------------- NEW EXECUTION-------------------
2024-05-12 23:00:33	ActionGesture	CloseEyes
2024-05-12 23:00:40	GUIEvent	GUI_RELOADED	GUI_RELOADED [ACCEPTED]	0.0	_UNDEFINED_
2024-05-12 23:00:40	[ISISER.KTH] [CORS] Unhandled exception caught
java.lang.IllegalStateException: Error converting '_UNDEFINED_' to an integer: For input string: "_UNDEFINED_"
	at furhatos.app.isiser.Session.activateCondition(session.kt:130)
	at furhatos.app.isiser.Session.setSubject(session.kt:94)
	at furhatos.app.isiser.setting.ServerKt$module$5$2.invokeSuspend(server.kt:108)
	at kotlin.coroutines.jvm.internal.BaseContinuationImpl.resumeWith(ContinuationImpl.kt:33)
	at kotlinx.coroutines.internal.DispatchedContinuation.resumeWith(DispatchedContinuation.kt:202)
	at io.ktor.util.pipeline.SuspendFunctionGun.resumeRootWith(SuspendFunctionGun.kt:135)
	at io.ktor.util.pipeline.SuspendFunctionGun.loop(SuspendFunctionGun.kt:109)
	at io.ktor.util.pipeline.SuspendFunctionGun.access$loop(SuspendFunctionGun.kt:11)
	at io.ktor.util.pipeline.SuspendFunctionGun$continuation$1.resumeWith(SuspendFunctionGun.kt:59)
	at kotlin.coroutines.jvm.internal.BaseContinuationImpl.resumeWith(ContinuationImpl.kt:46)
	at kotlinx.coroutines.DispatchedTask.run(DispatchedTask.kt:106)
	at io.netty.util.concurrent.AbstractEventExecutor.runTask(AbstractEventExecutor.java:174)
	at io.netty.util.concurrent.AbstractEventExecutor.safeExecute(AbstractEventExecutor.java:167)
	at io.netty.util.concurrent.SingleThreadEventExecutor.runAllTasks(SingleThreadEventExecutor.java:470)
	at io.netty.channel.nio.NioEventLoop.run(NioEventLoop.java:569)
	at io.netty.util.concurrent.SingleThreadEventExecutor$4.run(SingleThreadEventExecutor.java:997)
	at io.netty.util.internal.ThreadExecutorMap$2.run(ThreadExecutorMap.java:74)
	at io.ktor.server.netty.EventLoopGroupProxy$Companion.create$lambda$1$lambda$0(NettyApplicationEngine.kt:296)
	at io.netty.util.concurrent.FastThreadLocalRunnable.run(FastThreadLocalRunnable.java:30)
	at java.lang.Thread.run(Thread.java:748)
2024-05-12 23:05:18	Autoreload is disabled because the development mode is off.
2024-05-12 23:05:19	Application started in 0.913 seconds.
2024-05-12 23:05:20	Responding at http://127.0.0.1:8888
2024-05-12 23:05:20	----------------- NEW EXECUTION-------------------
2024-05-12 23:05:20	ActionGesture	CloseEyes
2024-05-12 23:05:23	GUIEvent	GUI_RELOADED	GUI_RELOADED [ACCEPTED]	0.0	UNDEFINED
2024-05-12 23:05:24	GUIEvent	SYNCH_REQUESTED	SYNCH REQUESTED .. [ACCEPTED]	0.0	UNDEFINED
2024-05-12 23:13:15	Autoreload is disabled because the development mode is off.
2024-05-12 23:13:16	Application started in 0.935 seconds.
2024-05-12 23:13:17	Responding at http://127.0.0.1:8888
2024-05-12 23:13:17	----------------- NEW EXECUTION-------------------
2024-05-12 23:13:17	ActionGesture	CloseEyes
2024-05-12 23:13:21	GUIEvent	GUI_RELOADED	GUI_RELOADED [ACCEPTED]	0.0	UNDEFINED
2024-05-12 23:13:21	GUIEvent	SYNCH_REQUESTED	SYNCH REQUESTED .. [ACCEPTED]	0.0	UNDEFINED
2024-05-12 23:13:25	GUIEvent	NEW_STAGE_REQUESTED	STAGE[0.2] [13] REQUESTED .. [ACCEPTED]	0.2	13
2024-05-12 23:13:25	ActionGesture	OpenEyes
2024-05-12 23:13:25	ActionGesture	Smile
2024-05-12 23:13:25	MonitorSpeechStart	Oh, hello there	1105
2024-05-12 23:13:26	ActionGesture	BrowRaise
2024-05-12 23:13:27	ActionGesture	BigSmile
2024-05-12 23:13:28	MonitorSpeechStart	Nice to meet you.	824
2024-05-12 23:13:28	ActionGesture	BrowRaise
2024-05-12 23:13:29	MonitorSpeechStart	How you doing?	741
2024-05-12 23:13:29	ActionGesture	BrowRaise
2024-05-12 23:13:31	ActionGesture	Smile
2024-05-12 23:13:33	SenseSpeech	how you doing	1077
2024-05-12 23:13:33	MonitorSpeechStart	Ok	618
2024-05-12 23:13:33	ActionGesture	BrowRaise
2024-05-12 23:13:34	MonitorSpeechStart	I suppose they told you what we are here for a little bit	2441
2024-05-12 23:15:31	Autoreload is disabled because the development mode is off.
2024-05-12 23:15:32	Application started in 0.899 seconds.
2024-05-12 23:15:32	Responding at http://127.0.0.1:8888
2024-05-12 23:15:37	----------------- NEW EXECUTION-------------------
2024-05-12 23:15:37	ActionGesture	CloseEyes
2024-05-12 23:15:44	GUIEvent	GUI_RELOADED	GUI_RELOADED [ACCEPTED]	0.0	UNDEFINED
2024-05-12 23:15:45	GUIEvent	SYNCH_REQUESTED	SYNCH REQUESTED .. [ACCEPTED]	0.0	UNDEFINED
2024-05-12 23:15:48	GUIEvent	NEW_STAGE_REQUESTED	STAGE[0.2] [45] REQUESTED .. [ACCEPTED]	0.2	45
2024-05-12 23:15:48	ActionGesture	OpenEyes
2024-05-12 23:15:48	ActionGesture	Smile
2024-05-12 23:15:48	MonitorSpeechStart	Hi there	477
2024-05-12 23:15:48	ActionGesture	BrowRaise
2024-05-12 23:15:50	ActionGesture	BigSmile
2024-05-12 23:15:50	MonitorSpeechStart	Nice to meet you.	824
2024-05-12 23:15:50	ActionGesture	BrowRaise
2024-05-12 23:15:52	MonitorSpeechStart	How you doing?	741
2024-05-12 23:15:52	ActionGesture	BrowRaise
2024-05-12 23:15:54	ActionGesture	Smile
2024-05-12 23:15:55	SenseSpeech	how you doing	1011
2024-05-12 23:15:55	MonitorSpeechStart	Ok	618
2024-05-12 23:15:55	ActionGesture	BrowRaise
2024-05-12 23:15:56	MonitorSpeechStart	I suppose they told you what we are here for a little bit	2441
2024-05-12 23:15:57	ActionGesture	BrowRaise
